Determining if the pthread_create exist failed with the following output:
Change Dir: /home/zhangjian/Documents/cuda-learning-example/cmake-build-debug/CMakeFiles/CMakeTmp

Run Build Command(s):/usr/bin/make cmTC_afac1/fast 
/usr/bin/make -f CMakeFiles/cmTC_afac1.dir/build.make CMakeFiles/cmTC_afac1.dir/build
make[1]: Entering directory '/home/zhangjian/Documents/cuda-learning-example/cmake-build-debug/CMakeFiles/CMakeTmp'
Building C object CMakeFiles/cmTC_afac1.dir/CheckSymbolExists.c.o
/usr/bin/cc   -fPIC    -o CMakeFiles/cmTC_afac1.dir/CheckSymbolExists.c.o   -c /home/zhangjian/Documents/cuda-learning-example/cmake-build-debug/CMakeFiles/CMakeTmp/CheckSymbolExists.c
Linking C executable cmTC_afac1
/usr/share/clion-2019.1.2/bin/cmake/linux/bin/cmake -E cmake_link_script CMakeFiles/cmTC_afac1.dir/link.txt --verbose=1
/usr/bin/cc -fPIC     -rdynamic CMakeFiles/cmTC_afac1.dir/CheckSymbolExists.c.o  -o cmTC_afac1 
CMakeFiles/cmTC_afac1.dir/CheckSymbolExists.c.o: In function `main':
CheckSymbolExists.c:(.text+0x1b): undefined reference to `pthread_create'
collect2: error: ld returned 1 exit status
CMakeFiles/cmTC_afac1.dir/build.make:86: recipe for target 'cmTC_afac1' failed
make[1]: *** [cmTC_afac1] Error 1
make[1]: Leaving directory '/home/zhangjian/Documents/cuda-learning-example/cmake-build-debug/CMakeFiles/CMakeTmp'
Makefile:121: recipe for target 'cmTC_afac1/fast' failed
make: *** [cmTC_afac1/fast] Error 2

File /home/zhangjian/Documents/cuda-learning-example/cmake-build-debug/CMakeFiles/CMakeTmp/CheckSymbolExists.c:
/* */
#include <pthread.h>

int main(int argc, char** argv)
{
  (void)argv;
#ifndef pthread_create
  return ((int*)(&pthread_create))[argc];
#else
  (void)argc;
  return 0;
#endif
}

Determining if the function pthread_create exists in the pthreads failed with the following output:
Change Dir: /home/zhangjian/Documents/cuda-learning-example/cmake-build-debug/CMakeFiles/CMakeTmp

Run Build Command(s):/usr/bin/make cmTC_ef6ba/fast 
/usr/bin/make -f CMakeFiles/cmTC_ef6ba.dir/build.make CMakeFiles/cmTC_ef6ba.dir/build
make[1]: Entering directory '/home/zhangjian/Documents/cuda-learning-example/cmake-build-debug/CMakeFiles/CMakeTmp'
Building C object CMakeFiles/cmTC_ef6ba.dir/CheckFunctionExists.c.o
/usr/bin/cc   -fPIC -DCHECK_FUNCTION_EXISTS=pthread_create   -o CMakeFiles/cmTC_ef6ba.dir/CheckFunctionExists.c.o   -c /usr/share/clion-2019.1.2/bin/cmake/linux/share/cmake-3.14/Modules/CheckFunctionExists.c
Linking C executable cmTC_ef6ba
/usr/share/clion-2019.1.2/bin/cmake/linux/bin/cmake -E cmake_link_script CMakeFiles/cmTC_ef6ba.dir/link.txt --verbose=1
/usr/bin/cc -fPIC -DCHECK_FUNCTION_EXISTS=pthread_create    -rdynamic CMakeFiles/cmTC_ef6ba.dir/CheckFunctionExists.c.o  -o cmTC_ef6ba -lpthreads 
/usr/bin/ld: cannot find -lpthreads
collect2: error: ld returned 1 exit status
CMakeFiles/cmTC_ef6ba.dir/build.make:86: recipe for target 'cmTC_ef6ba' failed
make[1]: *** [cmTC_ef6ba] Error 1
make[1]: Leaving directory '/home/zhangjian/Documents/cuda-learning-example/cmake-build-debug/CMakeFiles/CMakeTmp'
Makefile:121: recipe for target 'cmTC_ef6ba/fast' failed
make: *** [cmTC_ef6ba/fast] Error 2


