Determining if the pthread_create exist failed with the following output:
Change Dir: /home/zhangjian/Documents/cuda-learning-example/CMakeFiles/CMakeTmp

Run Build Command:"/usr/bin/make" "cmTC_db3e9/fast"
/usr/bin/make -f CMakeFiles/cmTC_db3e9.dir/build.make CMakeFiles/cmTC_db3e9.dir/build
make[1]: Entering directory '/home/zhangjian/Documents/cuda-learning-example/CMakeFiles/CMakeTmp'
Building C object CMakeFiles/cmTC_db3e9.dir/CheckSymbolExists.c.o
/usr/bin/cc    -fPIC    -o CMakeFiles/cmTC_db3e9.dir/CheckSymbolExists.c.o   -c /home/zhangjian/Documents/cuda-learning-example/CMakeFiles/CMakeTmp/CheckSymbolExists.c
Linking C executable cmTC_db3e9
/usr/bin/cmake -E cmake_link_script CMakeFiles/cmTC_db3e9.dir/link.txt --verbose=1
/usr/bin/cc  -fPIC     CMakeFiles/cmTC_db3e9.dir/CheckSymbolExists.c.o  -o cmTC_db3e9 -rdynamic 
CMakeFiles/cmTC_db3e9.dir/CheckSymbolExists.c.o: In function `main':
CheckSymbolExists.c:(.text+0x1b): undefined reference to `pthread_create'
collect2: error: ld returned 1 exit status
CMakeFiles/cmTC_db3e9.dir/build.make:97: recipe for target 'cmTC_db3e9' failed
make[1]: *** [cmTC_db3e9] Error 1
make[1]: Leaving directory '/home/zhangjian/Documents/cuda-learning-example/CMakeFiles/CMakeTmp'
Makefile:126: recipe for target 'cmTC_db3e9/fast' failed
make: *** [cmTC_db3e9/fast] Error 2

File /home/zhangjian/Documents/cuda-learning-example/CMakeFiles/CMakeTmp/CheckSymbolExists.c:
/* */
#include <pthread.h>

int main(int argc, char** argv)
{
  (void)argv;
#ifndef pthread_create
  return ((int*)(&pthread_create))[argc];
#else
  (void)argc;
  return 0;
#endif
}

Determining if the function pthread_create exists in the pthreads failed with the following output:
Change Dir: /home/zhangjian/Documents/cuda-learning-example/CMakeFiles/CMakeTmp

Run Build Command:"/usr/bin/make" "cmTC_79bcb/fast"
/usr/bin/make -f CMakeFiles/cmTC_79bcb.dir/build.make CMakeFiles/cmTC_79bcb.dir/build
make[1]: Entering directory '/home/zhangjian/Documents/cuda-learning-example/CMakeFiles/CMakeTmp'
Building C object CMakeFiles/cmTC_79bcb.dir/CheckFunctionExists.c.o
/usr/bin/cc    -fPIC -DCHECK_FUNCTION_EXISTS=pthread_create   -o CMakeFiles/cmTC_79bcb.dir/CheckFunctionExists.c.o   -c /usr/share/cmake-3.5/Modules/CheckFunctionExists.c
Linking C executable cmTC_79bcb
/usr/bin/cmake -E cmake_link_script CMakeFiles/cmTC_79bcb.dir/link.txt --verbose=1
/usr/bin/cc  -fPIC -DCHECK_FUNCTION_EXISTS=pthread_create    CMakeFiles/cmTC_79bcb.dir/CheckFunctionExists.c.o  -o cmTC_79bcb -rdynamic -lpthreads 
/usr/bin/ld: cannot find -lpthreads
collect2: error: ld returned 1 exit status
CMakeFiles/cmTC_79bcb.dir/build.make:97: recipe for target 'cmTC_79bcb' failed
make[1]: *** [cmTC_79bcb] Error 1
make[1]: Leaving directory '/home/zhangjian/Documents/cuda-learning-example/CMakeFiles/CMakeTmp'
Makefile:126: recipe for target 'cmTC_79bcb/fast' failed
make: *** [cmTC_79bcb/fast] Error 2


